Added Component: Designator=*(Header 21)
Added Component: Designator=*(Header 21)
Added Component: Designator=IC?(demultiplexer)
Add component (AddParameter): Name = "Datasheet Link"; Value = "http://www.ti.com/lit/ds/symlink/cd74hc237.pdf"; VariantName = "[No Variations]"
Add component (AddParameter): Name = "Height"; Value = "1.75mm"; VariantName = "[No Variations]"
Add component (AddParameter): Name = "Manufacturer_Name"; Value = "Texas Instruments"; VariantName = "[No Variations]"
Add component (AddParameter): Name = "Manufacturer_Part_Number"; Value = "CD74HC237M"; VariantName = "[No Variations]"
Add component (AddParameter): Name = "Mouser2 Part Number"; Value = "595-CD74HC237M"; VariantName = "[No Variations]"
Add component (AddParameter): Name = "Mouser2 Price/Stock"; Value = "https://www.mouser.com/Search/Refine.aspx?Keyword=595-CD74HC237M"; VariantName = "[No Variations]"
Added Component: Designator=Q1(Phototransistors)
Add component (AddParameter): Name = "Automotive"; Value = "No"; VariantName = "[No Variations]"
Add component (AddParameter): Name = "Category"; Value = "Trans"; VariantName = "[No Variations]"
Add component (AddParameter): Name = "ComponentLink2Description"; Value = "Datasheet"; VariantName = "[No Variations]"
Add component (AddParameter): Name = "ComponentLink2URL"; Value = "https://www.onsemi.com/pub/Collateral/KDT00030-D.PDF"; VariantName = "[No Variations]"
Add component (AddParameter): Name = "Dark Current"; Value = "0.1uA"; VariantName = "[No Variations]"
Add component (AddParameter): Name = "Device Class L1"; Value = "Sensors"; VariantName = "[No Variations]"
Add component (AddParameter): Name = "Device Class L2"; Value = "Optical Sensors"; VariantName = "[No Variations]"
Add component (AddParameter): Name = "Device Class L3"; Value = "Phototransistor"; VariantName = "[No Variations]"
Add component (AddParameter): Name = "Digikey Description"; Value = "SENSOR PHOTO 630NM TOP VIEW 2SMD"; VariantName = "[No Variations]"
Add component (AddParameter): Name = "Footprint Url"; Value = "https://www.onsemi.com/pub/Collateral/100CP.PDF"; VariantName = "[No Variations]"
Add component (AddParameter): Name = "Height"; Value = "0.7mm"; VariantName = "[No Variations]"
Add component (AddParameter): Name = "Lead Free"; Value = "Yes"; VariantName = "[No Variations]"
Add component (AddParameter): Name = "Led Orientation"; Value = "Top View"; VariantName = "[No Variations]"
Add component (AddParameter): Name = "Manufacturer"; Value = "ON Semiconductor"; VariantName = "[No Variations]"
Add component (AddParameter): Name = "Manufacturer Part Number"; Value = "KDT00030TR"; VariantName = "[No Variations]"
Add component (AddParameter): Name = "Mouser Description"; Value = "Phototransistors Plastic Silicon Phototransistor"; VariantName = "[No Variations]"
Add component (AddParameter): Name = "Octopart"; Value = "https://octopart.com/kdt00030tr-on+semiconductor-84329376"; VariantName = "[No Variations]"
Add component (AddParameter): Name = "Package"; Value = "100CP"; VariantName = "[No Variations]"
Add component (AddParameter): Name = "RoHS"; Value = "TRUE"; VariantName = "[No Variations]"
Add component (AddParameter): Name = "Sensor Output"; Value = "Other"; VariantName = "[No Variations]"
Add component (AddParameter): Name = "Temperature"; Value = "-40°C to +85°C"; VariantName = "[No Variations]"
Add component (AddParameter): Name = "Temperature Range High"; Value = "+85°C"; VariantName = "[No Variations]"
Add component (AddParameter): Name = "Temperature Range Low"; Value = "-40°C"; VariantName = "[No Variations]"
Add component (AddParameter): Name = "Wavelength"; Value = "630nm"; VariantName = "[No Variations]"
Added Component: Designator=Q2(Phototransistors)
Add component (AddParameter): Name = "Automotive"; Value = "No"; VariantName = "[No Variations]"
Add component (AddParameter): Name = "Category"; Value = "Trans"; VariantName = "[No Variations]"
Add component (AddParameter): Name = "ComponentLink2Description"; Value = "Datasheet"; VariantName = "[No Variations]"
Add component (AddParameter): Name = "ComponentLink2URL"; Value = "https://www.onsemi.com/pub/Collateral/KDT00030-D.PDF"; VariantName = "[No Variations]"
Add component (AddParameter): Name = "Dark Current"; Value = "0.1uA"; VariantName = "[No Variations]"
Add component (AddParameter): Name = "Device Class L1"; Value = "Sensors"; VariantName = "[No Variations]"
Add component (AddParameter): Name = "Device Class L2"; Value = "Optical Sensors"; VariantName = "[No Variations]"
Add component (AddParameter): Name = "Device Class L3"; Value = "Phototransistor"; VariantName = "[No Variations]"
Add component (AddParameter): Name = "Digikey Description"; Value = "SENSOR PHOTO 630NM TOP VIEW 2SMD"; VariantName = "[No Variations]"
Add component (AddParameter): Name = "Footprint Url"; Value = "https://www.onsemi.com/pub/Collateral/100CP.PDF"; VariantName = "[No Variations]"
Add component (AddParameter): Name = "Height"; Value = "0.7mm"; VariantName = "[No Variations]"
Add component (AddParameter): Name = "Lead Free"; Value = "Yes"; VariantName = "[No Variations]"
Add component (AddParameter): Name = "Led Orientation"; Value = "Top View"; VariantName = "[No Variations]"
Add component (AddParameter): Name = "Manufacturer"; Value = "ON Semiconductor"; VariantName = "[No Variations]"
Add component (AddParameter): Name = "Manufacturer Part Number"; Value = "KDT00030TR"; VariantName = "[No Variations]"
Add component (AddParameter): Name = "Mouser Description"; Value = "Phototransistors Plastic Silicon Phototransistor"; VariantName = "[No Variations]"
Add component (AddParameter): Name = "Octopart"; Value = "https://octopart.com/kdt00030tr-on+semiconductor-84329376"; VariantName = "[No Variations]"
Add component (AddParameter): Name = "Package"; Value = "100CP"; VariantName = "[No Variations]"
Add component (AddParameter): Name = "RoHS"; Value = "TRUE"; VariantName = "[No Variations]"
Add component (AddParameter): Name = "Sensor Output"; Value = "Other"; VariantName = "[No Variations]"
Add component (AddParameter): Name = "Temperature"; Value = "-40°C to +85°C"; VariantName = "[No Variations]"
Add component (AddParameter): Name = "Temperature Range High"; Value = "+85°C"; VariantName = "[No Variations]"
Add component (AddParameter): Name = "Temperature Range Low"; Value = "-40°C"; VariantName = "[No Variations]"
Add component (AddParameter): Name = "Wavelength"; Value = "630nm"; VariantName = "[No Variations]"
Added Component: Designator=Q3(Phototransistors)
Add component (AddParameter): Name = "Automotive"; Value = "No"; VariantName = "[No Variations]"
Add component (AddParameter): Name = "Category"; Value = "Trans"; VariantName = "[No Variations]"
Add component (AddParameter): Name = "ComponentLink2Description"; Value = "Datasheet"; VariantName = "[No Variations]"
Add component (AddParameter): Name = "ComponentLink2URL"; Value = "https://www.onsemi.com/pub/Collateral/KDT00030-D.PDF"; VariantName = "[No Variations]"
Add component (AddParameter): Name = "Dark Current"; Value = "0.1uA"; VariantName = "[No Variations]"
Add component (AddParameter): Name = "Device Class L1"; Value = "Sensors"; VariantName = "[No Variations]"
Add component (AddParameter): Name = "Device Class L2"; Value = "Optical Sensors"; VariantName = "[No Variations]"
Add component (AddParameter): Name = "Device Class L3"; Value = "Phototransistor"; VariantName = "[No Variations]"
Add component (AddParameter): Name = "Digikey Description"; Value = "SENSOR PHOTO 630NM TOP VIEW 2SMD"; VariantName = "[No Variations]"
Add component (AddParameter): Name = "Footprint Url"; Value = "https://www.onsemi.com/pub/Collateral/100CP.PDF"; VariantName = "[No Variations]"
Add component (AddParameter): Name = "Height"; Value = "0.7mm"; VariantName = "[No Variations]"
Add component (AddParameter): Name = "Lead Free"; Value = "Yes"; VariantName = "[No Variations]"
Add component (AddParameter): Name = "Led Orientation"; Value = "Top View"; VariantName = "[No Variations]"
Add component (AddParameter): Name = "Manufacturer"; Value = "ON Semiconductor"; VariantName = "[No Variations]"
Add component (AddParameter): Name = "Manufacturer Part Number"; Value = "KDT00030TR"; VariantName = "[No Variations]"
Add component (AddParameter): Name = "Mouser Description"; Value = "Phototransistors Plastic Silicon Phototransistor"; VariantName = "[No Variations]"
Add component (AddParameter): Name = "Octopart"; Value = "https://octopart.com/kdt00030tr-on+semiconductor-84329376"; VariantName = "[No Variations]"
Add component (AddParameter): Name = "Package"; Value = "100CP"; VariantName = "[No Variations]"
Add component (AddParameter): Name = "RoHS"; Value = "TRUE"; VariantName = "[No Variations]"
Add component (AddParameter): Name = "Sensor Output"; Value = "Other"; VariantName = "[No Variations]"
Add component (AddParameter): Name = "Temperature"; Value = "-40°C to +85°C"; VariantName = "[No Variations]"
Add component (AddParameter): Name = "Temperature Range High"; Value = "+85°C"; VariantName = "[No Variations]"
Add component (AddParameter): Name = "Temperature Range Low"; Value = "-40°C"; VariantName = "[No Variations]"
Add component (AddParameter): Name = "Wavelength"; Value = "630nm"; VariantName = "[No Variations]"
Added Component: Designator=Q4(Phototransistors)
Add component (AddParameter): Name = "Automotive"; Value = "No"; VariantName = "[No Variations]"
Add component (AddParameter): Name = "Category"; Value = "Trans"; VariantName = "[No Variations]"
Add component (AddParameter): Name = "ComponentLink2Description"; Value = "Datasheet"; VariantName = "[No Variations]"
Add component (AddParameter): Name = "ComponentLink2URL"; Value = "https://www.onsemi.com/pub/Collateral/KDT00030-D.PDF"; VariantName = "[No Variations]"
Add component (AddParameter): Name = "Dark Current"; Value = "0.1uA"; VariantName = "[No Variations]"
Add component (AddParameter): Name = "Device Class L1"; Value = "Sensors"; VariantName = "[No Variations]"
Add component (AddParameter): Name = "Device Class L2"; Value = "Optical Sensors"; VariantName = "[No Variations]"
Add component (AddParameter): Name = "Device Class L3"; Value = "Phototransistor"; VariantName = "[No Variations]"
Add component (AddParameter): Name = "Digikey Description"; Value = "SENSOR PHOTO 630NM TOP VIEW 2SMD"; VariantName = "[No Variations]"
Add component (AddParameter): Name = "Footprint Url"; Value = "https://www.onsemi.com/pub/Collateral/100CP.PDF"; VariantName = "[No Variations]"
Add component (AddParameter): Name = "Height"; Value = "0.7mm"; VariantName = "[No Variations]"
Add component (AddParameter): Name = "Lead Free"; Value = "Yes"; VariantName = "[No Variations]"
Add component (AddParameter): Name = "Led Orientation"; Value = "Top View"; VariantName = "[No Variations]"
Add component (AddParameter): Name = "Manufacturer"; Value = "ON Semiconductor"; VariantName = "[No Variations]"
Add component (AddParameter): Name = "Manufacturer Part Number"; Value = "KDT00030TR"; VariantName = "[No Variations]"
Add component (AddParameter): Name = "Mouser Description"; Value = "Phototransistors Plastic Silicon Phototransistor"; VariantName = "[No Variations]"
Add component (AddParameter): Name = "Octopart"; Value = "https://octopart.com/kdt00030tr-on+semiconductor-84329376"; VariantName = "[No Variations]"
Add component (AddParameter): Name = "Package"; Value = "100CP"; VariantName = "[No Variations]"
Add component (AddParameter): Name = "RoHS"; Value = "TRUE"; VariantName = "[No Variations]"
Add component (AddParameter): Name = "Sensor Output"; Value = "Other"; VariantName = "[No Variations]"
Add component (AddParameter): Name = "Temperature"; Value = "-40°C to +85°C"; VariantName = "[No Variations]"
Add component (AddParameter): Name = "Temperature Range High"; Value = "+85°C"; VariantName = "[No Variations]"
Add component (AddParameter): Name = "Temperature Range Low"; Value = "-40°C"; VariantName = "[No Variations]"
Add component (AddParameter): Name = "Wavelength"; Value = "630nm"; VariantName = "[No Variations]"
Added Component: Designator=Q5(Phototransistors)
Add component (AddParameter): Name = "Automotive"; Value = "No"; VariantName = "[No Variations]"
Add component (AddParameter): Name = "Category"; Value = "Trans"; VariantName = "[No Variations]"
Add component (AddParameter): Name = "ComponentLink2Description"; Value = "Datasheet"; VariantName = "[No Variations]"
Add component (AddParameter): Name = "ComponentLink2URL"; Value = "https://www.onsemi.com/pub/Collateral/KDT00030-D.PDF"; VariantName = "[No Variations]"
Add component (AddParameter): Name = "Dark Current"; Value = "0.1uA"; VariantName = "[No Variations]"
Add component (AddParameter): Name = "Device Class L1"; Value = "Sensors"; VariantName = "[No Variations]"
Add component (AddParameter): Name = "Device Class L2"; Value = "Optical Sensors"; VariantName = "[No Variations]"
Add component (AddParameter): Name = "Device Class L3"; Value = "Phototransistor"; VariantName = "[No Variations]"
Add component (AddParameter): Name = "Digikey Description"; Value = "SENSOR PHOTO 630NM TOP VIEW 2SMD"; VariantName = "[No Variations]"
Add component (AddParameter): Name = "Footprint Url"; Value = "https://www.onsemi.com/pub/Collateral/100CP.PDF"; VariantName = "[No Variations]"
Add component (AddParameter): Name = "Height"; Value = "0.7mm"; VariantName = "[No Variations]"
Add component (AddParameter): Name = "Lead Free"; Value = "Yes"; VariantName = "[No Variations]"
Add component (AddParameter): Name = "Led Orientation"; Value = "Top View"; VariantName = "[No Variations]"
Add component (AddParameter): Name = "Manufacturer"; Value = "ON Semiconductor"; VariantName = "[No Variations]"
Add component (AddParameter): Name = "Manufacturer Part Number"; Value = "KDT00030TR"; VariantName = "[No Variations]"
Add component (AddParameter): Name = "Mouser Description"; Value = "Phototransistors Plastic Silicon Phototransistor"; VariantName = "[No Variations]"
Add component (AddParameter): Name = "Octopart"; Value = "https://octopart.com/kdt00030tr-on+semiconductor-84329376"; VariantName = "[No Variations]"
Add component (AddParameter): Name = "Package"; Value = "100CP"; VariantName = "[No Variations]"
Add component (AddParameter): Name = "RoHS"; Value = "TRUE"; VariantName = "[No Variations]"
Add component (AddParameter): Name = "Sensor Output"; Value = "Other"; VariantName = "[No Variations]"
Add component (AddParameter): Name = "Temperature"; Value = "-40°C to +85°C"; VariantName = "[No Variations]"
Add component (AddParameter): Name = "Temperature Range High"; Value = "+85°C"; VariantName = "[No Variations]"
Add component (AddParameter): Name = "Temperature Range Low"; Value = "-40°C"; VariantName = "[No Variations]"
Add component (AddParameter): Name = "Wavelength"; Value = "630nm"; VariantName = "[No Variations]"
Added Component: Designator=Q6(Phototransistors)
Add component (AddParameter): Name = "Automotive"; Value = "No"; VariantName = "[No Variations]"
Add component (AddParameter): Name = "Category"; Value = "Trans"; VariantName = "[No Variations]"
Add component (AddParameter): Name = "ComponentLink2Description"; Value = "Datasheet"; VariantName = "[No Variations]"
Add component (AddParameter): Name = "ComponentLink2URL"; Value = "https://www.onsemi.com/pub/Collateral/KDT00030-D.PDF"; VariantName = "[No Variations]"
Add component (AddParameter): Name = "Dark Current"; Value = "0.1uA"; VariantName = "[No Variations]"
Add component (AddParameter): Name = "Device Class L1"; Value = "Sensors"; VariantName = "[No Variations]"
Add component (AddParameter): Name = "Device Class L2"; Value = "Optical Sensors"; VariantName = "[No Variations]"
Add component (AddParameter): Name = "Device Class L3"; Value = "Phototransistor"; VariantName = "[No Variations]"
Add component (AddParameter): Name = "Digikey Description"; Value = "SENSOR PHOTO 630NM TOP VIEW 2SMD"; VariantName = "[No Variations]"
Add component (AddParameter): Name = "Footprint Url"; Value = "https://www.onsemi.com/pub/Collateral/100CP.PDF"; VariantName = "[No Variations]"
Add component (AddParameter): Name = "Height"; Value = "0.7mm"; VariantName = "[No Variations]"
Add component (AddParameter): Name = "Lead Free"; Value = "Yes"; VariantName = "[No Variations]"
Add component (AddParameter): Name = "Led Orientation"; Value = "Top View"; VariantName = "[No Variations]"
Add component (AddParameter): Name = "Manufacturer"; Value = "ON Semiconductor"; VariantName = "[No Variations]"
Add component (AddParameter): Name = "Manufacturer Part Number"; Value = "KDT00030TR"; VariantName = "[No Variations]"
Add component (AddParameter): Name = "Mouser Description"; Value = "Phototransistors Plastic Silicon Phototransistor"; VariantName = "[No Variations]"
Add component (AddParameter): Name = "Octopart"; Value = "https://octopart.com/kdt00030tr-on+semiconductor-84329376"; VariantName = "[No Variations]"
Add component (AddParameter): Name = "Package"; Value = "100CP"; VariantName = "[No Variations]"
Add component (AddParameter): Name = "RoHS"; Value = "TRUE"; VariantName = "[No Variations]"
Add component (AddParameter): Name = "Sensor Output"; Value = "Other"; VariantName = "[No Variations]"
Add component (AddParameter): Name = "Temperature"; Value = "-40°C to +85°C"; VariantName = "[No Variations]"
Add component (AddParameter): Name = "Temperature Range High"; Value = "+85°C"; VariantName = "[No Variations]"
Add component (AddParameter): Name = "Temperature Range Low"; Value = "-40°C"; VariantName = "[No Variations]"
Add component (AddParameter): Name = "Wavelength"; Value = "630nm"; VariantName = "[No Variations]"
Added Component: Designator=Q7(Phototransistors)
Add component (AddParameter): Name = "Automotive"; Value = "No"; VariantName = "[No Variations]"
Add component (AddParameter): Name = "Category"; Value = "Trans"; VariantName = "[No Variations]"
Add component (AddParameter): Name = "ComponentLink2Description"; Value = "Datasheet"; VariantName = "[No Variations]"
Add component (AddParameter): Name = "ComponentLink2URL"; Value = "https://www.onsemi.com/pub/Collateral/KDT00030-D.PDF"; VariantName = "[No Variations]"
Add component (AddParameter): Name = "Dark Current"; Value = "0.1uA"; VariantName = "[No Variations]"
Add component (AddParameter): Name = "Device Class L1"; Value = "Sensors"; VariantName = "[No Variations]"
Add component (AddParameter): Name = "Device Class L2"; Value = "Optical Sensors"; VariantName = "[No Variations]"
Add component (AddParameter): Name = "Device Class L3"; Value = "Phototransistor"; VariantName = "[No Variations]"
Add component (AddParameter): Name = "Digikey Description"; Value = "SENSOR PHOTO 630NM TOP VIEW 2SMD"; VariantName = "[No Variations]"
Add component (AddParameter): Name = "Footprint Url"; Value = "https://www.onsemi.com/pub/Collateral/100CP.PDF"; VariantName = "[No Variations]"
Add component (AddParameter): Name = "Height"; Value = "0.7mm"; VariantName = "[No Variations]"
Add component (AddParameter): Name = "Lead Free"; Value = "Yes"; VariantName = "[No Variations]"
Add component (AddParameter): Name = "Led Orientation"; Value = "Top View"; VariantName = "[No Variations]"
Add component (AddParameter): Name = "Manufacturer"; Value = "ON Semiconductor"; VariantName = "[No Variations]"
Add component (AddParameter): Name = "Manufacturer Part Number"; Value = "KDT00030TR"; VariantName = "[No Variations]"
Add component (AddParameter): Name = "Mouser Description"; Value = "Phototransistors Plastic Silicon Phototransistor"; VariantName = "[No Variations]"
Add component (AddParameter): Name = "Octopart"; Value = "https://octopart.com/kdt00030tr-on+semiconductor-84329376"; VariantName = "[No Variations]"
Add component (AddParameter): Name = "Package"; Value = "100CP"; VariantName = "[No Variations]"
Add component (AddParameter): Name = "RoHS"; Value = "TRUE"; VariantName = "[No Variations]"
Add component (AddParameter): Name = "Sensor Output"; Value = "Other"; VariantName = "[No Variations]"
Add component (AddParameter): Name = "Temperature"; Value = "-40°C to +85°C"; VariantName = "[No Variations]"
Add component (AddParameter): Name = "Temperature Range High"; Value = "+85°C"; VariantName = "[No Variations]"
Add component (AddParameter): Name = "Temperature Range Low"; Value = "-40°C"; VariantName = "[No Variations]"
Add component (AddParameter): Name = "Wavelength"; Value = "630nm"; VariantName = "[No Variations]"
Added Component: Designator=Q8(Phototransistors)
Add component (AddParameter): Name = "Automotive"; Value = "No"; VariantName = "[No Variations]"
Add component (AddParameter): Name = "Category"; Value = "Trans"; VariantName = "[No Variations]"
Add component (AddParameter): Name = "ComponentLink2Description"; Value = "Datasheet"; VariantName = "[No Variations]"
Add component (AddParameter): Name = "ComponentLink2URL"; Value = "https://www.onsemi.com/pub/Collateral/KDT00030-D.PDF"; VariantName = "[No Variations]"
Add component (AddParameter): Name = "Dark Current"; Value = "0.1uA"; VariantName = "[No Variations]"
Add component (AddParameter): Name = "Device Class L1"; Value = "Sensors"; VariantName = "[No Variations]"
Add component (AddParameter): Name = "Device Class L2"; Value = "Optical Sensors"; VariantName = "[No Variations]"
Add component (AddParameter): Name = "Device Class L3"; Value = "Phototransistor"; VariantName = "[No Variations]"
Add component (AddParameter): Name = "Digikey Description"; Value = "SENSOR PHOTO 630NM TOP VIEW 2SMD"; VariantName = "[No Variations]"
Add component (AddParameter): Name = "Footprint Url"; Value = "https://www.onsemi.com/pub/Collateral/100CP.PDF"; VariantName = "[No Variations]"
Add component (AddParameter): Name = "Height"; Value = "0.7mm"; VariantName = "[No Variations]"
Add component (AddParameter): Name = "Lead Free"; Value = "Yes"; VariantName = "[No Variations]"
Add component (AddParameter): Name = "Led Orientation"; Value = "Top View"; VariantName = "[No Variations]"
Add component (AddParameter): Name = "Manufacturer"; Value = "ON Semiconductor"; VariantName = "[No Variations]"
Add component (AddParameter): Name = "Manufacturer Part Number"; Value = "KDT00030TR"; VariantName = "[No Variations]"
Add component (AddParameter): Name = "Mouser Description"; Value = "Phototransistors Plastic Silicon Phototransistor"; VariantName = "[No Variations]"
Add component (AddParameter): Name = "Octopart"; Value = "https://octopart.com/kdt00030tr-on+semiconductor-84329376"; VariantName = "[No Variations]"
Add component (AddParameter): Name = "Package"; Value = "100CP"; VariantName = "[No Variations]"
Add component (AddParameter): Name = "RoHS"; Value = "TRUE"; VariantName = "[No Variations]"
Add component (AddParameter): Name = "Sensor Output"; Value = "Other"; VariantName = "[No Variations]"
Add component (AddParameter): Name = "Temperature"; Value = "-40°C to +85°C"; VariantName = "[No Variations]"
Add component (AddParameter): Name = "Temperature Range High"; Value = "+85°C"; VariantName = "[No Variations]"
Add component (AddParameter): Name = "Temperature Range Low"; Value = "-40°C"; VariantName = "[No Variations]"
Add component (AddParameter): Name = "Wavelength"; Value = "630nm"; VariantName = "[No Variations]"
Added Component: Designator=RV1(Potentiometer)
Added Component: Designator=RV2(Potentiometer)
Added Component: Designator=(opamp)
Add component (AddParameter): Name = "Datasheet Link"; Value = "http://www.ti.com/lit/gpn/lm2902-n"; VariantName = "[No Variations]"
Add component (AddParameter): Name = "Height"; Value = "1.2mm"; VariantName = "[No Variations]"
Add component (AddParameter): Name = "Manufacturer_Name"; Value = "Texas Instruments"; VariantName = "[No Variations]"
Add component (AddParameter): Name = "Manufacturer_Part_Number"; Value = "LM2902MTX/NOPB"; VariantName = "[No Variations]"
Add component (AddParameter): Name = "Mouser2 Part Number"; Value = "926-LM2902MTX/NOPB"; VariantName = "[No Variations]"
Add component (AddParameter): Name = "Mouser2 Price/Stock"; Value = "https://www.mouser.com/Search/Refine.aspx?Keyword=926-LM2902MTX%2FNOPB"; VariantName = "[No Variations]"
Added Pin To Net: NetName=+5 Pin=-4
Added Pin To Net: NetName=+5 Pin=IC?-16
Added Pin To Net: NetName=+5 Pin=RV1-1
Added Net: Name=+5
Added Pin To Net: NetName=GND Pin=-11
Added Pin To Net: NetName=GND Pin=IC?-8
Added Pin To Net: NetName=GND Pin=RV1-2
Added Net: Name=GND
Added Pin To Net: NetName=Net_1 Pin=-1
Added Pin To Net: NetName=Net_1 Pin=-5
Added Net: Name=Net_1
Added Pin To Net: NetName=Net_2 Pin=-2
Added Net: Name=Net_2
Added Pin To Net: NetName=Net_3 Pin=-3
Added Net: Name=Net_3
Added Pin To Net: NetName=Net_6 Pin=-6
Added Pin To Net: NetName=Net_6 Pin=RV2-1
Added Net: Name=Net_6
Added Pin To Net: NetName=Net_7 Pin=-7
Added Pin To Net: NetName=Net_7 Pin=RV2-3
Added Net: Name=Net_7
Added Pin To Net: NetName=NetIC?_7 Pin=IC?-7
Added Pin To Net: NetName=NetIC?_7 Pin=Q1-1
Added Net: Name=NetIC?_7
Added Pin To Net: NetName=NetIC?_9 Pin=IC?-9
Added Pin To Net: NetName=NetIC?_9 Pin=Q2-1
Added Net: Name=NetIC?_9
Added Pin To Net: NetName=NetIC?_10 Pin=IC?-10
Added Pin To Net: NetName=NetIC?_10 Pin=Q3-1
Added Net: Name=NetIC?_10
Added Pin To Net: NetName=NetIC?_11 Pin=IC?-11
Added Pin To Net: NetName=NetIC?_11 Pin=Q4-1
Added Net: Name=NetIC?_11
Added Pin To Net: NetName=NetIC?_12 Pin=IC?-12
Added Pin To Net: NetName=NetIC?_12 Pin=Q5-1
Added Net: Name=NetIC?_12
Added Pin To Net: NetName=NetIC?_13 Pin=IC?-13
Added Pin To Net: NetName=NetIC?_13 Pin=Q6-1
Added Net: Name=NetIC?_13
Added Pin To Net: NetName=NetIC?_14 Pin=IC?-14
Added Pin To Net: NetName=NetIC?_14 Pin=Q7-1
Added Net: Name=NetIC?_14
Added Pin To Net: NetName=NetIC?_15 Pin=IC?-15
Added Pin To Net: NetName=NetIC?_15 Pin=Q8-1
Added Net: Name=NetIC?_15
Added Pin To Net: NetName=NetQ1_2 Pin=Q1-2
Added Pin To Net: NetName=NetQ1_2 Pin=Q2-2
Added Pin To Net: NetName=NetQ1_2 Pin=Q3-2
Added Pin To Net: NetName=NetQ1_2 Pin=Q4-2
Added Pin To Net: NetName=NetQ1_2 Pin=Q5-2
Added Pin To Net: NetName=NetQ1_2 Pin=Q6-2
Added Pin To Net: NetName=NetQ1_2 Pin=Q7-2
Added Pin To Net: NetName=NetQ1_2 Pin=Q8-2
Added Net: Name=NetQ1_2
Added Pin To Net: NetName=NetR12_1 Pin=RV1-3
Added Net: Name=NetR12_1
Added Class: Name=Sheet1
Added Room: Name=Sheet1
