Added Component: Designator=C1(C-0,1µF-smd)
Add component (AddParameter): Name = "Datasheet Link"; Value = "https://componentsearchengine.com//C0805C104K5RAC7411.pdf"; VariantName = "[No Variations]"
Add component (AddParameter): Name = "Height"; Value = "0.88mm"; VariantName = "[No Variations]"
Add component (AddParameter): Name = "Manufacturer_Name"; Value = "Kemet"; VariantName = "[No Variations]"
Add component (AddParameter): Name = "Manufacturer_Part_Number"; Value = "C0805C104K5RAC7411"; VariantName = "[No Variations]"
Add component (AddParameter): Name = "Mouser2 Part Number"; Value = "80-C0805C104K5RACLR"; VariantName = "[No Variations]"
Add component (AddParameter): Name = "Mouser2 Price/Stock"; Value = "https://www.mouser.com/Search/Refine.aspx?Keyword=80-C0805C104K5RACLR"; VariantName = "[No Variations]"
Added Component: Designator=C2(C-0,1µF-smd)
Add component (AddParameter): Name = "Datasheet Link"; Value = "https://componentsearchengine.com//C0805C104K5RAC7411.pdf"; VariantName = "[No Variations]"
Add component (AddParameter): Name = "Height"; Value = "0.88mm"; VariantName = "[No Variations]"
Add component (AddParameter): Name = "Manufacturer_Name"; Value = "Kemet"; VariantName = "[No Variations]"
Add component (AddParameter): Name = "Manufacturer_Part_Number"; Value = "C0805C104K5RAC7411"; VariantName = "[No Variations]"
Add component (AddParameter): Name = "Mouser2 Part Number"; Value = "80-C0805C104K5RACLR"; VariantName = "[No Variations]"
Add component (AddParameter): Name = "Mouser2 Price/Stock"; Value = "https://www.mouser.com/Search/Refine.aspx?Keyword=80-C0805C104K5RACLR"; VariantName = "[No Variations]"
Added Component: Designator=H1(Header 21)
Added Component: Designator=H2(Header 21)
Added Component: Designator=IC1(demultiplexer)
Add component (AddParameter): Name = "Datasheet Link"; Value = "http://www.ti.com/lit/ds/symlink/cd74hc237.pdf"; VariantName = "[No Variations]"
Add component (AddParameter): Name = "Height"; Value = "1.75mm"; VariantName = "[No Variations]"
Add component (AddParameter): Name = "Manufacturer_Name"; Value = "Texas Instruments"; VariantName = "[No Variations]"
Add component (AddParameter): Name = "Manufacturer_Part_Number"; Value = "CD74HC237M"; VariantName = "[No Variations]"
Add component (AddParameter): Name = "Mouser2 Part Number"; Value = "595-CD74HC237M"; VariantName = "[No Variations]"
Add component (AddParameter): Name = "Mouser2 Price/Stock"; Value = "https://www.mouser.com/Search/Refine.aspx?Keyword=595-CD74HC237M"; VariantName = "[No Variations]"
Added Component: Designator=Q1(WL-STCW_0805)
Add component (AddParameter): Name = "Chip Technology"; Value = "Si"; VariantName = "[No Variations]"
Add component (AddParameter): Name = "Collector Current min."; Value = "0.1mA"; VariantName = "[No Variations]"
Add component (AddParameter): Name = "Collector Current typ."; Value = "1mA"; VariantName = "[No Variations]"
Add component (AddParameter): Name = "Collector-Emitter Dark Current max."; Value = "100nA"; VariantName = "[No Variations]"
Add component (AddParameter): Name = "ComponentLink1Description"; Value = "Manufacturer"; VariantName = "[No Variations]"
Add component (AddParameter): Name = "ComponentLink1URL"; Value = "http://www.we-online.de"; VariantName = "[No Variations]"
Add component (AddParameter): Name = "ComponentLink2Description"; Value = "Datasheet"; VariantName = "[No Variations]"
Add component (AddParameter): Name = "ComponentLink2URL"; Value = "https://www.we-online.com/catalog/datasheet/1540801NBA300.pdf"; VariantName = "[No Variations]"
Add component (AddParameter): Name = "Manufacturer Part Number"; Value = "1540801NBA300"; VariantName = "[No Variations]"
Add component (AddParameter): Name = "Mounting Technology"; Value = "SMT"; VariantName = "[No Variations]"
Add component (AddParameter): Name = "Operating Temperature"; Value = "-40 to +85degC"; VariantName = "[No Variations]"
Add component (AddParameter): Name = "Packaging"; Value = "Tape and Reel"; VariantName = "[No Variations]"
Add component (AddParameter): Name = "Published Date"; Value = "March 2020"; VariantName = "[No Variations]"
Add component (AddParameter): Name = "Publisher"; Value = "Wurth Elektronik"; VariantName = "[No Variations]"
Add component (AddParameter): Name = "Range of Spectral Bandwidth max."; Value = "1100nm"; VariantName = "[No Variations]"
Add component (AddParameter): Name = "Range of Spectral Bandwidth min."; Value = "400nm"; VariantName = "[No Variations]"
Add component (AddParameter): Name = "Size"; Value = "0805"; VariantName = "[No Variations]"
Add component (AddParameter): Name = "Viewing Angle"; Value = "130deg"; VariantName = "[No Variations]"
Add component (AddParameter): Name = "Wavelength of Peak Sensitivity typ."; Value = "940nm"; VariantName = "[No Variations]"
Added Component: Designator=Q2(WL-STCW_0805)
Add component (AddParameter): Name = "Chip Technology"; Value = "Si"; VariantName = "[No Variations]"
Add component (AddParameter): Name = "Collector Current min."; Value = "0.1mA"; VariantName = "[No Variations]"
Add component (AddParameter): Name = "Collector Current typ."; Value = "1mA"; VariantName = "[No Variations]"
Add component (AddParameter): Name = "Collector-Emitter Dark Current max."; Value = "100nA"; VariantName = "[No Variations]"
Add component (AddParameter): Name = "ComponentLink1Description"; Value = "Manufacturer"; VariantName = "[No Variations]"
Add component (AddParameter): Name = "ComponentLink1URL"; Value = "http://www.we-online.de"; VariantName = "[No Variations]"
Add component (AddParameter): Name = "ComponentLink2Description"; Value = "Datasheet"; VariantName = "[No Variations]"
Add component (AddParameter): Name = "ComponentLink2URL"; Value = "https://www.we-online.com/catalog/datasheet/1540801NBA300.pdf"; VariantName = "[No Variations]"
Add component (AddParameter): Name = "Manufacturer Part Number"; Value = "1540801NBA300"; VariantName = "[No Variations]"
Add component (AddParameter): Name = "Mounting Technology"; Value = "SMT"; VariantName = "[No Variations]"
Add component (AddParameter): Name = "Operating Temperature"; Value = "-40 to +85degC"; VariantName = "[No Variations]"
Add component (AddParameter): Name = "Packaging"; Value = "Tape and Reel"; VariantName = "[No Variations]"
Add component (AddParameter): Name = "Published Date"; Value = "March 2020"; VariantName = "[No Variations]"
Add component (AddParameter): Name = "Publisher"; Value = "Wurth Elektronik"; VariantName = "[No Variations]"
Add component (AddParameter): Name = "Range of Spectral Bandwidth max."; Value = "1100nm"; VariantName = "[No Variations]"
Add component (AddParameter): Name = "Range of Spectral Bandwidth min."; Value = "400nm"; VariantName = "[No Variations]"
Add component (AddParameter): Name = "Size"; Value = "0805"; VariantName = "[No Variations]"
Add component (AddParameter): Name = "Viewing Angle"; Value = "130deg"; VariantName = "[No Variations]"
Add component (AddParameter): Name = "Wavelength of Peak Sensitivity typ."; Value = "940nm"; VariantName = "[No Variations]"
Added Component: Designator=Q3(WL-STCW_0805)
Add component (AddParameter): Name = "Chip Technology"; Value = "Si"; VariantName = "[No Variations]"
Add component (AddParameter): Name = "Collector Current min."; Value = "0.1mA"; VariantName = "[No Variations]"
Add component (AddParameter): Name = "Collector Current typ."; Value = "1mA"; VariantName = "[No Variations]"
Add component (AddParameter): Name = "Collector-Emitter Dark Current max."; Value = "100nA"; VariantName = "[No Variations]"
Add component (AddParameter): Name = "ComponentLink1Description"; Value = "Manufacturer"; VariantName = "[No Variations]"
Add component (AddParameter): Name = "ComponentLink1URL"; Value = "http://www.we-online.de"; VariantName = "[No Variations]"
Add component (AddParameter): Name = "ComponentLink2Description"; Value = "Datasheet"; VariantName = "[No Variations]"
Add component (AddParameter): Name = "ComponentLink2URL"; Value = "https://www.we-online.com/catalog/datasheet/1540801NBA300.pdf"; VariantName = "[No Variations]"
Add component (AddParameter): Name = "Manufacturer Part Number"; Value = "1540801NBA300"; VariantName = "[No Variations]"
Add component (AddParameter): Name = "Mounting Technology"; Value = "SMT"; VariantName = "[No Variations]"
Add component (AddParameter): Name = "Operating Temperature"; Value = "-40 to +85degC"; VariantName = "[No Variations]"
Add component (AddParameter): Name = "Packaging"; Value = "Tape and Reel"; VariantName = "[No Variations]"
Add component (AddParameter): Name = "Published Date"; Value = "March 2020"; VariantName = "[No Variations]"
Add component (AddParameter): Name = "Publisher"; Value = "Wurth Elektronik"; VariantName = "[No Variations]"
Add component (AddParameter): Name = "Range of Spectral Bandwidth max."; Value = "1100nm"; VariantName = "[No Variations]"
Add component (AddParameter): Name = "Range of Spectral Bandwidth min."; Value = "400nm"; VariantName = "[No Variations]"
Add component (AddParameter): Name = "Size"; Value = "0805"; VariantName = "[No Variations]"
Add component (AddParameter): Name = "Viewing Angle"; Value = "130deg"; VariantName = "[No Variations]"
Add component (AddParameter): Name = "Wavelength of Peak Sensitivity typ."; Value = "940nm"; VariantName = "[No Variations]"
Added Component: Designator=Q4(WL-STCW_0805)
Add component (AddParameter): Name = "Chip Technology"; Value = "Si"; VariantName = "[No Variations]"
Add component (AddParameter): Name = "Collector Current min."; Value = "0.1mA"; VariantName = "[No Variations]"
Add component (AddParameter): Name = "Collector Current typ."; Value = "1mA"; VariantName = "[No Variations]"
Add component (AddParameter): Name = "Collector-Emitter Dark Current max."; Value = "100nA"; VariantName = "[No Variations]"
Add component (AddParameter): Name = "ComponentLink1Description"; Value = "Manufacturer"; VariantName = "[No Variations]"
Add component (AddParameter): Name = "ComponentLink1URL"; Value = "http://www.we-online.de"; VariantName = "[No Variations]"
Add component (AddParameter): Name = "ComponentLink2Description"; Value = "Datasheet"; VariantName = "[No Variations]"
Add component (AddParameter): Name = "ComponentLink2URL"; Value = "https://www.we-online.com/catalog/datasheet/1540801NBA300.pdf"; VariantName = "[No Variations]"
Add component (AddParameter): Name = "Manufacturer Part Number"; Value = "1540801NBA300"; VariantName = "[No Variations]"
Add component (AddParameter): Name = "Mounting Technology"; Value = "SMT"; VariantName = "[No Variations]"
Add component (AddParameter): Name = "Operating Temperature"; Value = "-40 to +85degC"; VariantName = "[No Variations]"
Add component (AddParameter): Name = "Packaging"; Value = "Tape and Reel"; VariantName = "[No Variations]"
Add component (AddParameter): Name = "Published Date"; Value = "March 2020"; VariantName = "[No Variations]"
Add component (AddParameter): Name = "Publisher"; Value = "Wurth Elektronik"; VariantName = "[No Variations]"
Add component (AddParameter): Name = "Range of Spectral Bandwidth max."; Value = "1100nm"; VariantName = "[No Variations]"
Add component (AddParameter): Name = "Range of Spectral Bandwidth min."; Value = "400nm"; VariantName = "[No Variations]"
Add component (AddParameter): Name = "Size"; Value = "0805"; VariantName = "[No Variations]"
Add component (AddParameter): Name = "Viewing Angle"; Value = "130deg"; VariantName = "[No Variations]"
Add component (AddParameter): Name = "Wavelength of Peak Sensitivity typ."; Value = "940nm"; VariantName = "[No Variations]"
Added Component: Designator=Q5(WL-STCW_0805)
Add component (AddParameter): Name = "Chip Technology"; Value = "Si"; VariantName = "[No Variations]"
Add component (AddParameter): Name = "Collector Current min."; Value = "0.1mA"; VariantName = "[No Variations]"
Add component (AddParameter): Name = "Collector Current typ."; Value = "1mA"; VariantName = "[No Variations]"
Add component (AddParameter): Name = "Collector-Emitter Dark Current max."; Value = "100nA"; VariantName = "[No Variations]"
Add component (AddParameter): Name = "ComponentLink1Description"; Value = "Manufacturer"; VariantName = "[No Variations]"
Add component (AddParameter): Name = "ComponentLink1URL"; Value = "http://www.we-online.de"; VariantName = "[No Variations]"
Add component (AddParameter): Name = "ComponentLink2Description"; Value = "Datasheet"; VariantName = "[No Variations]"
Add component (AddParameter): Name = "ComponentLink2URL"; Value = "https://www.we-online.com/catalog/datasheet/1540801NBA300.pdf"; VariantName = "[No Variations]"
Add component (AddParameter): Name = "Manufacturer Part Number"; Value = "1540801NBA300"; VariantName = "[No Variations]"
Add component (AddParameter): Name = "Mounting Technology"; Value = "SMT"; VariantName = "[No Variations]"
Add component (AddParameter): Name = "Operating Temperature"; Value = "-40 to +85degC"; VariantName = "[No Variations]"
Add component (AddParameter): Name = "Packaging"; Value = "Tape and Reel"; VariantName = "[No Variations]"
Add component (AddParameter): Name = "Published Date"; Value = "March 2020"; VariantName = "[No Variations]"
Add component (AddParameter): Name = "Publisher"; Value = "Wurth Elektronik"; VariantName = "[No Variations]"
Add component (AddParameter): Name = "Range of Spectral Bandwidth max."; Value = "1100nm"; VariantName = "[No Variations]"
Add component (AddParameter): Name = "Range of Spectral Bandwidth min."; Value = "400nm"; VariantName = "[No Variations]"
Add component (AddParameter): Name = "Size"; Value = "0805"; VariantName = "[No Variations]"
Add component (AddParameter): Name = "Viewing Angle"; Value = "130deg"; VariantName = "[No Variations]"
Add component (AddParameter): Name = "Wavelength of Peak Sensitivity typ."; Value = "940nm"; VariantName = "[No Variations]"
Added Component: Designator=Q6(WL-STCW_0805)
Add component (AddParameter): Name = "Chip Technology"; Value = "Si"; VariantName = "[No Variations]"
Add component (AddParameter): Name = "Collector Current min."; Value = "0.1mA"; VariantName = "[No Variations]"
Add component (AddParameter): Name = "Collector Current typ."; Value = "1mA"; VariantName = "[No Variations]"
Add component (AddParameter): Name = "Collector-Emitter Dark Current max."; Value = "100nA"; VariantName = "[No Variations]"
Add component (AddParameter): Name = "ComponentLink1Description"; Value = "Manufacturer"; VariantName = "[No Variations]"
Add component (AddParameter): Name = "ComponentLink1URL"; Value = "http://www.we-online.de"; VariantName = "[No Variations]"
Add component (AddParameter): Name = "ComponentLink2Description"; Value = "Datasheet"; VariantName = "[No Variations]"
Add component (AddParameter): Name = "ComponentLink2URL"; Value = "https://www.we-online.com/catalog/datasheet/1540801NBA300.pdf"; VariantName = "[No Variations]"
Add component (AddParameter): Name = "Manufacturer Part Number"; Value = "1540801NBA300"; VariantName = "[No Variations]"
Add component (AddParameter): Name = "Mounting Technology"; Value = "SMT"; VariantName = "[No Variations]"
Add component (AddParameter): Name = "Operating Temperature"; Value = "-40 to +85degC"; VariantName = "[No Variations]"
Add component (AddParameter): Name = "Packaging"; Value = "Tape and Reel"; VariantName = "[No Variations]"
Add component (AddParameter): Name = "Published Date"; Value = "March 2020"; VariantName = "[No Variations]"
Add component (AddParameter): Name = "Publisher"; Value = "Wurth Elektronik"; VariantName = "[No Variations]"
Add component (AddParameter): Name = "Range of Spectral Bandwidth max."; Value = "1100nm"; VariantName = "[No Variations]"
Add component (AddParameter): Name = "Range of Spectral Bandwidth min."; Value = "400nm"; VariantName = "[No Variations]"
Add component (AddParameter): Name = "Size"; Value = "0805"; VariantName = "[No Variations]"
Add component (AddParameter): Name = "Viewing Angle"; Value = "130deg"; VariantName = "[No Variations]"
Add component (AddParameter): Name = "Wavelength of Peak Sensitivity typ."; Value = "940nm"; VariantName = "[No Variations]"
Added Component: Designator=Q7(WL-STCW_0805)
Add component (AddParameter): Name = "Chip Technology"; Value = "Si"; VariantName = "[No Variations]"
Add component (AddParameter): Name = "Collector Current min."; Value = "0.1mA"; VariantName = "[No Variations]"
Add component (AddParameter): Name = "Collector Current typ."; Value = "1mA"; VariantName = "[No Variations]"
Add component (AddParameter): Name = "Collector-Emitter Dark Current max."; Value = "100nA"; VariantName = "[No Variations]"
Add component (AddParameter): Name = "ComponentLink1Description"; Value = "Manufacturer"; VariantName = "[No Variations]"
Add component (AddParameter): Name = "ComponentLink1URL"; Value = "http://www.we-online.de"; VariantName = "[No Variations]"
Add component (AddParameter): Name = "ComponentLink2Description"; Value = "Datasheet"; VariantName = "[No Variations]"
Add component (AddParameter): Name = "ComponentLink2URL"; Value = "https://www.we-online.com/catalog/datasheet/1540801NBA300.pdf"; VariantName = "[No Variations]"
Add component (AddParameter): Name = "Manufacturer Part Number"; Value = "1540801NBA300"; VariantName = "[No Variations]"
Add component (AddParameter): Name = "Mounting Technology"; Value = "SMT"; VariantName = "[No Variations]"
Add component (AddParameter): Name = "Operating Temperature"; Value = "-40 to +85degC"; VariantName = "[No Variations]"
Add component (AddParameter): Name = "Packaging"; Value = "Tape and Reel"; VariantName = "[No Variations]"
Add component (AddParameter): Name = "Published Date"; Value = "March 2020"; VariantName = "[No Variations]"
Add component (AddParameter): Name = "Publisher"; Value = "Wurth Elektronik"; VariantName = "[No Variations]"
Add component (AddParameter): Name = "Range of Spectral Bandwidth max."; Value = "1100nm"; VariantName = "[No Variations]"
Add component (AddParameter): Name = "Range of Spectral Bandwidth min."; Value = "400nm"; VariantName = "[No Variations]"
Add component (AddParameter): Name = "Size"; Value = "0805"; VariantName = "[No Variations]"
Add component (AddParameter): Name = "Viewing Angle"; Value = "130deg"; VariantName = "[No Variations]"
Add component (AddParameter): Name = "Wavelength of Peak Sensitivity typ."; Value = "940nm"; VariantName = "[No Variations]"
Added Component: Designator=Q8(WL-STCW_0805)
Add component (AddParameter): Name = "Chip Technology"; Value = "Si"; VariantName = "[No Variations]"
Add component (AddParameter): Name = "Collector Current min."; Value = "0.1mA"; VariantName = "[No Variations]"
Add component (AddParameter): Name = "Collector Current typ."; Value = "1mA"; VariantName = "[No Variations]"
Add component (AddParameter): Name = "Collector-Emitter Dark Current max."; Value = "100nA"; VariantName = "[No Variations]"
Add component (AddParameter): Name = "ComponentLink1Description"; Value = "Manufacturer"; VariantName = "[No Variations]"
Add component (AddParameter): Name = "ComponentLink1URL"; Value = "http://www.we-online.de"; VariantName = "[No Variations]"
Add component (AddParameter): Name = "ComponentLink2Description"; Value = "Datasheet"; VariantName = "[No Variations]"
Add component (AddParameter): Name = "ComponentLink2URL"; Value = "https://www.we-online.com/catalog/datasheet/1540801NBA300.pdf"; VariantName = "[No Variations]"
Add component (AddParameter): Name = "Manufacturer Part Number"; Value = "1540801NBA300"; VariantName = "[No Variations]"
Add component (AddParameter): Name = "Mounting Technology"; Value = "SMT"; VariantName = "[No Variations]"
Add component (AddParameter): Name = "Operating Temperature"; Value = "-40 to +85degC"; VariantName = "[No Variations]"
Add component (AddParameter): Name = "Packaging"; Value = "Tape and Reel"; VariantName = "[No Variations]"
Add component (AddParameter): Name = "Published Date"; Value = "March 2020"; VariantName = "[No Variations]"
Add component (AddParameter): Name = "Publisher"; Value = "Wurth Elektronik"; VariantName = "[No Variations]"
Add component (AddParameter): Name = "Range of Spectral Bandwidth max."; Value = "1100nm"; VariantName = "[No Variations]"
Add component (AddParameter): Name = "Range of Spectral Bandwidth min."; Value = "400nm"; VariantName = "[No Variations]"
Add component (AddParameter): Name = "Size"; Value = "0805"; VariantName = "[No Variations]"
Add component (AddParameter): Name = "Viewing Angle"; Value = "130deg"; VariantName = "[No Variations]"
Add component (AddParameter): Name = "Wavelength of Peak Sensitivity typ."; Value = "940nm"; VariantName = "[No Variations]"
Added Component: Designator=R1(R-1K-smd)
Add component (AddParameter): Name = "Datasheet Link"; Value = "https://datasheet.datasheetarchive.com/originals/distributors/Datasheets_SAMA/902f9e387b938f871d31120f5fc1d65e.pdf"; VariantName = "[No Variations]"
Add component (AddParameter): Name = "Height"; Value = "0.6mm"; VariantName = "[No Variations]"
Add component (AddParameter): Name = "Manufacturer_Name"; Value = "YAGEO (PHYCOMP)"; VariantName = "[No Variations]"
Add component (AddParameter): Name = "Manufacturer_Part_Number"; Value = "RC0805FR-131KL"; VariantName = "[No Variations]"
Add component (AddParameter): Name = "Mouser2 Part Number"; Value = ""; VariantName = "[No Variations]"
Add component (AddParameter): Name = "Mouser2 Price/Stock"; Value = ""; VariantName = "[No Variations]"
Added Component: Designator=R2(R-1K-smd)
Add component (AddParameter): Name = "Datasheet Link"; Value = "https://datasheet.datasheetarchive.com/originals/distributors/Datasheets_SAMA/902f9e387b938f871d31120f5fc1d65e.pdf"; VariantName = "[No Variations]"
Add component (AddParameter): Name = "Height"; Value = "0.6mm"; VariantName = "[No Variations]"
Add component (AddParameter): Name = "Manufacturer_Name"; Value = "YAGEO (PHYCOMP)"; VariantName = "[No Variations]"
Add component (AddParameter): Name = "Manufacturer_Part_Number"; Value = "RC0805FR-131KL"; VariantName = "[No Variations]"
Add component (AddParameter): Name = "Mouser2 Part Number"; Value = ""; VariantName = "[No Variations]"
Add component (AddParameter): Name = "Mouser2 Price/Stock"; Value = ""; VariantName = "[No Variations]"
Added Component: Designator=R3(R-1K-smd)
Add component (AddParameter): Name = "Datasheet Link"; Value = "https://datasheet.datasheetarchive.com/originals/distributors/Datasheets_SAMA/902f9e387b938f871d31120f5fc1d65e.pdf"; VariantName = "[No Variations]"
Add component (AddParameter): Name = "Height"; Value = "0.6mm"; VariantName = "[No Variations]"
Add component (AddParameter): Name = "Manufacturer_Name"; Value = "YAGEO (PHYCOMP)"; VariantName = "[No Variations]"
Add component (AddParameter): Name = "Manufacturer_Part_Number"; Value = "RC0805FR-131KL"; VariantName = "[No Variations]"
Add component (AddParameter): Name = "Mouser2 Part Number"; Value = ""; VariantName = "[No Variations]"
Add component (AddParameter): Name = "Mouser2 Price/Stock"; Value = ""; VariantName = "[No Variations]"
Added Component: Designator=R4(R-1K-smd)
Add component (AddParameter): Name = "Datasheet Link"; Value = "https://datasheet.datasheetarchive.com/originals/distributors/Datasheets_SAMA/902f9e387b938f871d31120f5fc1d65e.pdf"; VariantName = "[No Variations]"
Add component (AddParameter): Name = "Height"; Value = "0.6mm"; VariantName = "[No Variations]"
Add component (AddParameter): Name = "Manufacturer_Name"; Value = "YAGEO (PHYCOMP)"; VariantName = "[No Variations]"
Add component (AddParameter): Name = "Manufacturer_Part_Number"; Value = "RC0805FR-131KL"; VariantName = "[No Variations]"
Add component (AddParameter): Name = "Mouser2 Part Number"; Value = ""; VariantName = "[No Variations]"
Add component (AddParameter): Name = "Mouser2 Price/Stock"; Value = ""; VariantName = "[No Variations]"
Added Component: Designator=R5(R-1K-smd)
Add component (AddParameter): Name = "Datasheet Link"; Value = "https://datasheet.datasheetarchive.com/originals/distributors/Datasheets_SAMA/902f9e387b938f871d31120f5fc1d65e.pdf"; VariantName = "[No Variations]"
Add component (AddParameter): Name = "Height"; Value = "0.6mm"; VariantName = "[No Variations]"
Add component (AddParameter): Name = "Manufacturer_Name"; Value = "YAGEO (PHYCOMP)"; VariantName = "[No Variations]"
Add component (AddParameter): Name = "Manufacturer_Part_Number"; Value = "RC0805FR-131KL"; VariantName = "[No Variations]"
Add component (AddParameter): Name = "Mouser2 Part Number"; Value = ""; VariantName = "[No Variations]"
Add component (AddParameter): Name = "Mouser2 Price/Stock"; Value = ""; VariantName = "[No Variations]"
Added Component: Designator=R6(R-1K-smd)
Add component (AddParameter): Name = "Datasheet Link"; Value = "https://datasheet.datasheetarchive.com/originals/distributors/Datasheets_SAMA/902f9e387b938f871d31120f5fc1d65e.pdf"; VariantName = "[No Variations]"
Add component (AddParameter): Name = "Height"; Value = "0.6mm"; VariantName = "[No Variations]"
Add component (AddParameter): Name = "Manufacturer_Name"; Value = "YAGEO (PHYCOMP)"; VariantName = "[No Variations]"
Add component (AddParameter): Name = "Manufacturer_Part_Number"; Value = "RC0805FR-131KL"; VariantName = "[No Variations]"
Add component (AddParameter): Name = "Mouser2 Part Number"; Value = ""; VariantName = "[No Variations]"
Add component (AddParameter): Name = "Mouser2 Price/Stock"; Value = ""; VariantName = "[No Variations]"
Added Component: Designator=R7(R-1K-smd)
Add component (AddParameter): Name = "Datasheet Link"; Value = "https://datasheet.datasheetarchive.com/originals/distributors/Datasheets_SAMA/902f9e387b938f871d31120f5fc1d65e.pdf"; VariantName = "[No Variations]"
Add component (AddParameter): Name = "Height"; Value = "0.6mm"; VariantName = "[No Variations]"
Add component (AddParameter): Name = "Manufacturer_Name"; Value = "YAGEO (PHYCOMP)"; VariantName = "[No Variations]"
Add component (AddParameter): Name = "Manufacturer_Part_Number"; Value = "RC0805FR-131KL"; VariantName = "[No Variations]"
Add component (AddParameter): Name = "Mouser2 Part Number"; Value = ""; VariantName = "[No Variations]"
Add component (AddParameter): Name = "Mouser2 Price/Stock"; Value = ""; VariantName = "[No Variations]"
Added Component: Designator=RV1(Potentiometer)
Added Component: Designator=RV2(Potentiometer)
Added Component: Designator=(opamp)
Add component (AddParameter): Name = "Datasheet Link"; Value = "http://www.ti.com/lit/gpn/lm2902-n"; VariantName = "[No Variations]"
Add component (AddParameter): Name = "Height"; Value = "1.2mm"; VariantName = "[No Variations]"
Add component (AddParameter): Name = "Manufacturer_Name"; Value = "Texas Instruments"; VariantName = "[No Variations]"
Add component (AddParameter): Name = "Manufacturer_Part_Number"; Value = "LM2902MTX/NOPB"; VariantName = "[No Variations]"
Add component (AddParameter): Name = "Mouser2 Part Number"; Value = "926-LM2902MTX/NOPB"; VariantName = "[No Variations]"
Add component (AddParameter): Name = "Mouser2 Price/Stock"; Value = "https://www.mouser.com/Search/Refine.aspx?Keyword=926-LM2902MTX%2FNOPB"; VariantName = "[No Variations]"
Added Pin To Net: NetName=+5 Pin=-4
Added Pin To Net: NetName=+5 Pin=C1-2
Added Pin To Net: NetName=+5 Pin=C2-1
Added Pin To Net: NetName=+5 Pin=H1-20
Added Pin To Net: NetName=+5 Pin=IC1-6
Added Pin To Net: NetName=+5 Pin=IC1-16
Added Pin To Net: NetName=+5 Pin=RV1-1
Added Net: Name=+5
Added Pin To Net: NetName=GND Pin=-11
Added Pin To Net: NetName=GND Pin=C1-1
Added Pin To Net: NetName=GND Pin=C2-2
Added Pin To Net: NetName=GND Pin=H1-21
Added Pin To Net: NetName=GND Pin=IC1-4
Added Pin To Net: NetName=GND Pin=IC1-8
Added Pin To Net: NetName=GND Pin=R1-1
Added Pin To Net: NetName=GND Pin=R4-2
Added Pin To Net: NetName=GND Pin=R6-2
Added Pin To Net: NetName=GND Pin=R7-2
Added Pin To Net: NetName=GND Pin=RV1-2
Added Net: Name=GND
Added Pin To Net: NetName=Net_1 Pin=-1
Added Pin To Net: NetName=Net_1 Pin=-5
Added Pin To Net: NetName=Net_1 Pin=R2-2
Added Net: Name=Net_1
Added Pin To Net: NetName=Net_2 Pin=-2
Added Pin To Net: NetName=Net_2 Pin=R2-1
Added Pin To Net: NetName=Net_2 Pin=R3-2
Added Net: Name=Net_2
Added Pin To Net: NetName=Net_3 Pin=-3
Added Pin To Net: NetName=Net_3 Pin=R4-1
Added Pin To Net: NetName=Net_3 Pin=R5-2
Added Net: Name=Net_3
Added Pin To Net: NetName=Net_6 Pin=-6
Added Pin To Net: NetName=Net_6 Pin=R6-1
Added Pin To Net: NetName=Net_6 Pin=RV2-1
Added Net: Name=Net_6
Added Pin To Net: NetName=Net_7 Pin=-7
Added Pin To Net: NetName=Net_7 Pin=H1-3
Added Pin To Net: NetName=Net_7 Pin=RV2-3
Added Net: Name=Net_7
Added Pin To Net: NetName=NetH1_10 Pin=H1-10
Added Pin To Net: NetName=NetH1_10 Pin=IC1-1
Added Net: Name=NetH1_10
Added Pin To Net: NetName=NetH1_11 Pin=H1-11
Added Pin To Net: NetName=NetH1_11 Pin=IC1-2
Added Net: Name=NetH1_11
Added Pin To Net: NetName=NetH1_12 Pin=H1-12
Added Pin To Net: NetName=NetH1_12 Pin=IC1-3
Added Net: Name=NetH1_12
Added Pin To Net: NetName=NetH1_13 Pin=H1-13
Added Pin To Net: NetName=NetH1_13 Pin=IC1-5
Added Pin To Net: NetName=NetH1_13 Pin=R7-1
Added Net: Name=NetH1_13
Added Pin To Net: NetName=NetIC1_7 Pin=IC1-7
Added Pin To Net: NetName=NetIC1_7 Pin=Q1-1
Added Net: Name=NetIC1_7
Added Pin To Net: NetName=NetIC1_9 Pin=IC1-9
Added Pin To Net: NetName=NetIC1_9 Pin=Q2-1
Added Net: Name=NetIC1_9
Added Pin To Net: NetName=NetIC1_10 Pin=IC1-10
Added Pin To Net: NetName=NetIC1_10 Pin=Q3-1
Added Net: Name=NetIC1_10
Added Pin To Net: NetName=NetIC1_11 Pin=IC1-11
Added Pin To Net: NetName=NetIC1_11 Pin=Q4-1
Added Net: Name=NetIC1_11
Added Pin To Net: NetName=NetIC1_12 Pin=IC1-12
Added Pin To Net: NetName=NetIC1_12 Pin=Q5-1
Added Net: Name=NetIC1_12
Added Pin To Net: NetName=NetIC1_13 Pin=IC1-13
Added Pin To Net: NetName=NetIC1_13 Pin=Q6-1
Added Net: Name=NetIC1_13
Added Pin To Net: NetName=NetIC1_14 Pin=IC1-14
Added Pin To Net: NetName=NetIC1_14 Pin=Q7-1
Added Net: Name=NetIC1_14
Added Pin To Net: NetName=NetIC1_15 Pin=IC1-15
Added Pin To Net: NetName=NetIC1_15 Pin=Q8-1
Added Net: Name=NetIC1_15
Added Pin To Net: NetName=NetQ1_2 Pin=Q1-2
Added Pin To Net: NetName=NetQ1_2 Pin=Q2-2
Added Pin To Net: NetName=NetQ1_2 Pin=Q3-2
Added Pin To Net: NetName=NetQ1_2 Pin=Q4-2
Added Pin To Net: NetName=NetQ1_2 Pin=Q5-2
Added Pin To Net: NetName=NetQ1_2 Pin=Q6-2
Added Pin To Net: NetName=NetQ1_2 Pin=Q7-2
Added Pin To Net: NetName=NetQ1_2 Pin=Q8-2
Added Pin To Net: NetName=NetQ1_2 Pin=R1-2
Added Pin To Net: NetName=NetQ1_2 Pin=R3-1
Added Net: Name=NetQ1_2
Added Pin To Net: NetName=NetR5_1 Pin=R5-1
Added Pin To Net: NetName=NetR5_1 Pin=RV1-3
Added Net: Name=NetR5_1
Added Class: Name=Sheet1
Added Room: Name=Sheet1
